<?xml version="1.0" encoding="UTF-8"?>
<!-- Generated by org.testng.reporters.JUnitReportReporter -->
<testsuite skipped="0" hostname="DESKTOP-9AQ8SL7" name="org.example.testRunner.Runner" tests="17" failures="2" timestamp="2022-07-15T10:24:30 EET" time="226.172" errors="1">
  <testcase name="runScenario" time="8.285" classname="org.example.testRunner.Runner"/>
  <system-out/>
  <testcase name="runScenario" time="15.052" classname="org.example.testRunner.Runner"/>
  <system-out/>
  <testcase name="runScenario" time="15.520" classname="org.example.testRunner.Runner"/>
  <system-out/>
  <testcase name="runScenario" time="18.661" classname="org.example.testRunner.Runner"/>
  <system-out/>
  <testcase name="runScenario" time="15.167" classname="org.example.testRunner.Runner">
    <error type="java.lang.IndexOutOfBoundsException" message="Index: 1, Size: 1">
      <![CDATA[java.lang.IndexOutOfBoundsException: Index: 1, Size: 1
at java.util.ArrayList.rangeCheck(ArrayList.java:659)
at java.util.ArrayList.get(ArrayList.java:435)
at org.example.stepDefs.D07_FollowUS.step02(D07_FollowUS.java:24)
at ✽.is opened in new tab "https://demo.nopcommerce.com/new-online-store-is-open"(file:///D:/QC%20Team/PICS/DemoTestAutomationE-Commerce/src/main/resources/Featuers/F07_FollowUs.feature:27)
]]>
    </error>
  </testcase> <!-- runScenario -->
  <system-out/>
  <testcase name="runScenario" time="14.983" classname="org.example.testRunner.Runner"/>
  <system-out/>
  <testcase name="runScenario" time="13.460" classname="org.example.testRunner.Runner"/>
  <system-out/>
  <testcase name="runScenario" time="10.843" classname="org.example.testRunner.Runner">
    <failure type="java.lang.AssertionError" message="The Second Slide URL expected [https://demo.nopcommerce.com/iphone-6] but found [https://demo.nopcommerce.com/]">
      <![CDATA[java.lang.AssertionError: The Second Slide URL expected [https://demo.nopcommerce.com/iphone-6] but found [https://demo.nopcommerce.com/]
at org.testng.Assert.fail(Assert.java:110)
at org.testng.Assert.failNotEquals(Assert.java:1413)
at org.testng.Assert.assertEqualsImpl(Assert.java:149)
at org.testng.Assert.assertEquals(Assert.java:131)
at org.testng.Assert.assertEquals(Assert.java:655)
at org.example.stepDefs.D06_HomeSlider.step2_2(D06_HomeSlider.java:37)
at ✽.the product for second slider is displayed(file:///D:/QC%20Team/PICS/DemoTestAutomationE-Commerce/src/main/resources/Featuers/F06_HomeSlider.feature:11)
]]>
    </failure>
  </testcase> <!-- runScenario -->
  <system-out/>
  <testcase name="runScenario" time="11.179" classname="org.example.testRunner.Runner">
    <failure type="java.lang.AssertionError" message="First Slide URL expected [https://demo.nopcommerce.com/nokia-lumia-1020] but found [https://demo.nopcommerce.com/]">
      <![CDATA[java.lang.AssertionError: First Slide URL expected [https://demo.nopcommerce.com/nokia-lumia-1020] but found [https://demo.nopcommerce.com/]
at org.testng.Assert.fail(Assert.java:110)
at org.testng.Assert.failNotEquals(Assert.java:1413)
at org.testng.Assert.assertEqualsImpl(Assert.java:149)
at org.testng.Assert.assertEquals(Assert.java:131)
at org.testng.Assert.assertEquals(Assert.java:655)
at org.example.stepDefs.D06_HomeSlider.step2(D06_HomeSlider.java:23)
at ✽.the product for first slider is displayed(file:///D:/QC%20Team/PICS/DemoTestAutomationE-Commerce/src/main/resources/Featuers/F06_HomeSlider.feature:6)
]]>
    </failure>
  </testcase> <!-- runScenario -->
  <system-out/>
  <testcase name="runScenario" time="8.512" classname="org.example.testRunner.Runner"/>
  <system-out/>
  <testcase name="runScenario" time="14.832" classname="org.example.testRunner.Runner"/>
  <system-out/>
  <testcase name="runScenario" time="12.452" classname="org.example.testRunner.Runner"/>
  <system-out/>
  <testcase name="runScenario" time="12.047" classname="org.example.testRunner.Runner"/>
  <system-out/>
  <testcase name="runScenario" time="11.131" classname="org.example.testRunner.Runner"/>
  <system-out/>
  <testcase name="runScenario" time="22.180" classname="org.example.testRunner.Runner"/>
  <system-out/>
  <testcase name="runScenario" time="13.612" classname="org.example.testRunner.Runner"/>
  <system-out/>
  <testcase name="runScenario" time="8.256" classname="org.example.testRunner.Runner"/>
  <system-out/>
</testsuite> <!-- org.example.testRunner.Runner -->
